TN:
SF:src/components/Form/Button/index.tsx
FN:10,Button
FNF:1
FNH:1
FNDA:3,Button
DA:11,3
LF:1
LH:1
BRF:0
BRH:0
end_of_record
TN:
SF:src/components/Form/CategorySelectButton/index.tsx
FN:11,CategorySelectButton
FNF:1
FNH:1
FNDA:2,CategorySelectButton
DA:16,2
LF:1
LH:1
BRF:0
BRH:0
end_of_record
TN:
SF:src/components/Form/Input/index.tsx
FN:10,Input
FNF:1
FNH:1
FNDA:5,Input
DA:11,5
LF:1
LH:1
BRDA:10,0,0,4
BRF:1
BRH:1
end_of_record
TN:
SF:src/components/Form/InputForm/index.tsx
FN:14,InputForm
FN:19,(anonymous_1)
FNF:2
FNH:2
FNDA:4,InputForm
FNDA:4,(anonymous_1)
DA:15,4
DA:20,4
LF:2
LH:2
BRDA:28,0,0,4
BRDA:28,0,1,0
BRF:2
BRH:1
end_of_record
TN:
SF:src/components/Form/TransactionTypeButton/index.tsx
FN:17,TransactionTypeButton
FNF:1
FNH:1
FNDA:4,TransactionTypeButton
DA:6,1
DA:23,4
LF:2
LH:2
BRF:0
BRH:0
end_of_record
TN:
SF:src/components/HighlightCard/index.tsx
FN:18,HighLightCard
FNF:1
FNH:0
FNDA:0,HighLightCard
DA:12,0
DA:24,0
LF:2
LH:0
BRF:0
BRH:0
end_of_record
TN:
SF:src/components/HistoryCard/index.tsx
FN:11,HistoryCard
FNF:1
FNH:0
FNDA:0,HistoryCard
DA:12,0
LF:1
LH:0
BRF:0
BRH:0
end_of_record
TN:
SF:src/components/SignInSocialButton/index.tsx
FN:12,SignInSocialButton
FNF:1
FNH:0
FNDA:0,SignInSocialButton
DA:13,0
LF:1
LH:0
BRF:0
BRH:0
end_of_record
TN:
SF:src/components/TransactionCard/index.tsx
FN:19,TransactionCard
FN:21,(anonymous_1)
FNF:2
FNH:0
FNDA:0,TransactionCard
FNDA:0,(anonymous_1)
DA:20,0
DA:21,0
DA:23,0
LF:3
LH:0
BRDA:28,0,0,0
BRDA:28,0,1,0
BRF:2
BRH:0
end_of_record
TN:
SF:src/hooks/Auth.tsx
FN:38,AuthProvider
FN:44,signInWithGoogle
FN:74,signInWithApple
FN:104,signOut
FN:109,(anonymous_4)
FN:110,loadUserStorageData
FN:137,useAuth
FNF:7
FNH:5
FNDA:3,AuthProvider
FNDA:1,signInWithGoogle
FNDA:0,signInWithApple
FNDA:0,signOut
FNDA:1,(anonymous_4)
FNDA:1,loadUserStorageData
FNDA:5,useAuth
DA:3,2
DA:4,2
DA:36,2
DA:39,3
DA:40,3
DA:42,3
DA:45,1
DA:46,1
DA:47,1
DA:49,1
DA:51,1
DA:54,1
DA:55,1
DA:56,1
DA:58,1
DA:65,1
DA:66,1
DA:70,0
DA:75,0
DA:76,0
DA:83,0
DA:84,0
DA:85,0
DA:86,0
DA:88,0
DA:95,0
DA:96,0
DA:100,0
DA:105,0
DA:106,0
DA:109,3
DA:111,1
DA:113,1
DA:114,0
DA:115,0
DA:118,1
DA:121,1
DA:124,3
DA:138,5
DA:140,5
LF:40
LH:25
BRDA:54,0,0,1
BRDA:54,0,1,0
BRDA:83,1,0,0
BRDA:83,1,1,0
BRDA:113,2,0,0
BRDA:113,2,1,1
BRF:6
BRH:2
end_of_record
TN:
SF:src/routes/app.routes.tsx
FN:13,AppRoutes
FN:33,(anonymous_1)
FN:46,(anonymous_2)
FN:59,(anonymous_3)
FNF:4
FNH:0
FNDA:0,AppRoutes
FNDA:0,(anonymous_1)
FNDA:0,(anonymous_2)
FNDA:0,(anonymous_3)
DA:11,0
DA:14,0
DA:16,0
DA:34,0
DA:47,0
DA:60,0
LF:6
LH:0
BRDA:25,0,0,0
BRDA:25,0,1,0
BRF:2
BRH:0
end_of_record
TN:
SF:src/routes/auth.routes.tsx
FN:8,AuthRoutes
FNF:1
FNH:0
FNDA:0,AuthRoutes
DA:6,0
DA:9,0
LF:2
LH:0
BRF:0
BRH:0
end_of_record
TN:
SF:src/routes/index.tsx
FN:9,Routes
FNF:1
FNH:0
FNDA:0,Routes
DA:10,0
DA:12,0
LF:2
LH:0
BRDA:14,0,0,0
BRDA:14,0,1,0
BRF:2
BRH:0
end_of_record
TN:
SF:src/screens/CategorySelect/index.tsx
FN:19,CategorySelect
FN:33,(anonymous_1)
FN:34,(anonymous_2)
FN:36,(anonymous_3)
FN:43,(anonymous_4)
FNF:5
FNH:4
FNDA:1,CategorySelect
FNDA:7,(anonymous_1)
FNDA:7,(anonymous_2)
FNDA:0,(anonymous_3)
FNDA:6,(anonymous_4)
DA:24,1
DA:33,7
DA:35,7
DA:36,0
DA:43,6
LF:5
LH:4
BRF:0
BRH:0
end_of_record
TN:
SF:src/screens/Dashboard/index.tsx
FN:28,Dashboard
FN:36,getLastTransactionDate
FN:41,(anonymous_2)
FN:46,(anonymous_3)
FN:54,loadTransactions
FN:63,(anonymous_5)
FN:133,(anonymous_6)
FN:137,(anonymous_7)
FN:194,(anonymous_8)
FN:195,(anonymous_9)
FNF:10
FNH:0
FNDA:0,Dashboard
FNDA:0,getLastTransactionDate
FNDA:0,(anonymous_2)
FNDA:0,(anonymous_3)
FNDA:0,loadTransactions
FNDA:0,(anonymous_5)
FNDA:0,(anonymous_6)
FNDA:0,(anonymous_7)
FNDA:0,(anonymous_8)
FNDA:0,(anonymous_9)
DA:29,0
DA:30,0
DA:32,0
DA:33,0
DA:34,0
DA:40,0
DA:41,0
DA:43,0
DA:45,0
DA:46,0
DA:49,0
DA:55,0
DA:56,0
DA:57,0
DA:59,0
DA:60,0
DA:62,0
DA:65,0
DA:66,0
DA:68,0
DA:71,0
DA:75,0
DA:81,0
DA:91,0
DA:93,0
DA:94,0
DA:96,0
DA:100,0
DA:102,0
DA:130,0
DA:133,0
DA:134,0
DA:137,0
DA:138,0
DA:141,0
DA:194,0
DA:195,0
LF:37
LH:0
BRDA:43,0,0,0
BRDA:43,0,1,0
BRDA:57,1,0,0
BRDA:57,1,1,0
BRDA:65,2,0,0
BRDA:65,2,1,0
BRDA:96,3,0,0
BRDA:96,3,1,0
BRDA:108,4,0,0
BRDA:108,4,1,0
BRDA:117,5,0,0
BRDA:117,5,1,0
BRDA:143,6,0,0
BRDA:143,6,1,0
BRF:14
BRH:0
end_of_record
TN:
SF:src/screens/Register/index.tsx
FN:41,Register
FN:63,handleTransactionsTypeSelect
FN:67,handleOpenSelectCategoryModal
FN:71,handleCloseSelectCategoryModal
FN:75,handleRegister
FN:147,(anonymous_5)
FN:153,(anonymous_6)
FNF:7
FNH:2
FNDA:2,Register
FNDA:0,handleTransactionsTypeSelect
FNDA:1,handleOpenSelectCategoryModal
FNDA:0,handleCloseSelectCategoryModal
FNDA:0,handleRegister
FNDA:0,(anonymous_5)
FNDA:0,(anonymous_6)
DA:29,1
DA:42,2
DA:44,2
DA:45,2
DA:47,2
DA:52,2
DA:59,2
DA:64,0
DA:68,1
DA:72,0
DA:76,0
DA:77,0
DA:80,0
DA:81,0
DA:84,0
DA:93,0
DA:94,0
DA:95,0
DA:96,0
DA:98,0
DA:102,0
DA:104,0
DA:105,0
DA:106,0
DA:110,0
DA:112,0
DA:113,0
DA:117,2
DA:147,0
DA:153,0
LF:30
LH:9
BRDA:76,0,0,0
BRDA:76,0,1,0
BRDA:80,1,0,0
BRDA:80,1,1,0
BRDA:96,2,0,0
BRDA:96,2,1,0
BRDA:129,3,0,2
BRDA:129,3,1,0
BRDA:137,4,0,2
BRDA:137,4,1,0
BRF:10
BRH:2
end_of_record
TN:
SF:src/screens/Resume/index.tsx
FN:36,Resume
FN:43,handleDateChange
FN:51,loadData
FN:58,(anonymous_3)
FN:67,(anonymous_4)
FN:73,(anonymous_5)
FN:76,(anonymous_6)
FN:105,(anonymous_7)
FN:128,(anonymous_8)
FN:134,(anonymous_9)
FN:142,(anonymous_10)
FN:156,(anonymous_11)
FNF:12
FNH:0
FNDA:0,Resume
FNDA:0,handleDateChange
FNDA:0,loadData
FNDA:0,(anonymous_3)
FNDA:0,(anonymous_4)
FNDA:0,(anonymous_5)
FNDA:0,(anonymous_6)
FNDA:0,(anonymous_7)
FNDA:0,(anonymous_8)
FNDA:0,(anonymous_9)
FNDA:0,(anonymous_10)
FNDA:0,(anonymous_11)
DA:37,0
DA:38,0
DA:39,0
DA:40,0
DA:41,0
DA:44,0
DA:45,0
DA:47,0
DA:52,0
DA:53,0
DA:54,0
DA:55,0
DA:57,0
DA:59,0
DA:66,0
DA:68,0
DA:71,0
DA:73,0
DA:74,0
DA:76,0
DA:77,0
DA:78,0
DA:82,0
DA:83,0
DA:88,0
DA:90,0
DA:101,0
DA:102,0
DA:105,0
DA:106,0
DA:109,0
DA:128,0
DA:134,0
DA:142,0
DA:157,0
LF:35
LH:0
BRDA:44,0,0,0
BRDA:44,0,1,0
BRDA:55,1,0,0
BRDA:55,1,1,0
BRDA:59,2,0,0
BRDA:59,2,1,0
BRDA:59,2,2,0
BRDA:77,3,0,0
BRDA:77,3,1,0
BRDA:82,4,0,0
BRDA:82,4,1,0
BRDA:115,5,0,0
BRDA:115,5,1,0
BRF:13
BRH:0
end_of_record
TN:
SF:src/screens/SignIn/index.tsx
FN:15,SignIn
FN:20,handleSignInWithGoogle
FN:31,handleSignInWithApple
FNF:3
FNH:0
FNDA:0,SignIn
FNDA:0,handleSignInWithGoogle
FNDA:0,handleSignInWithApple
DA:16,0
DA:17,0
DA:18,0
DA:21,0
DA:22,0
DA:23,0
DA:25,0
DA:26,0
DA:27,0
DA:32,0
DA:33,0
DA:34,0
DA:36,0
DA:37,0
DA:38,0
DA:42,0
LF:16
LH:0
BRDA:70,0,0,0
BRDA:70,0,1,0
BRDA:79,1,0,0
BRDA:79,1,1,0
BRF:4
BRH:0
end_of_record
